<?xml version="1.0" encoding="UTF-8"?>
<testsuite name="com.team03.monew.interest.controller.InterestCreateTest" tests="3" skipped="0" failures="0" errors="0" timestamp="2025-12-12T03:06:00.072Z" hostname="macui-MacBookPro.local" time="0.119">
  <properties/>
  <testcase name="관심사 생성 관심사 이름 중복 실패 검증" classname="com.team03.monew.interest.controller.InterestCreateTest" time="0.089"/>
  <testcase name="관심사 생성 요청 값 없음 실패 검증" classname="com.team03.monew.interest.controller.InterestCreateTest" time="0.005"/>
  <testcase name="관심사 생성 성공 검증" classname="com.team03.monew.interest.controller.InterestCreateTest" time="0.024"/>
  <system-out><![CDATA[25-12-12 12:05:59.749 [Test worker] [] [] INFO  o.s.t.c.s.AnnotationConfigContextLoaderUtils - Could not detect default configuration classes for test class [com.team03.monew.interest.controller.InterestCreateTest]: InterestCreateTest does not declare any static, non-private, non-final, nested classes annotated with @Configuration.
25-12-12 12:05:59.778 [Test worker] [] [] INFO  o.s.b.t.c.SpringBootTestContextBootstrapper - Found @SpringBootConfiguration com.team03.monew.MonewApplication for test class com.team03.monew.interest.controller.InterestCreateTest

  .   ____          _            __ _ _
 /\\ / ___'_ __ _ _(_)_ __  __ _ \ \ \ \
( ( )\___ | '_ | '_| | '_ \/ _` | \ \ \ \
 \\/  ___)| |_)| | | | | || (_| |  ) ) ) )
  '  |____| .__|_| |_|_| |_\__, | / / / /
 =========|_|==============|___/=/_/_/_/

 :: Spring Boot ::                (v3.5.8)

25-12-12 12:05:59.804 [Test worker] [] [] INFO  c.t.m.i.c.InterestCreateTest         - Starting InterestCreateTest using Java 17.0.16 with PID 61118 (started by mac in /Users/mac/IdeaProjects/monew-main)
25-12-12 12:05:59.804 [Test worker] [] [] INFO  c.t.m.i.c.InterestCreateTest         - The following 1 profile is active: "dev"
25-12-12 12:05:59.984 [Test worker] [] [] INFO  o.s.b.a.w.s.WelcomePageHandlerMapping - Adding welcome page: class path resource [static/index.html]
25-12-12 12:06:00.060 [Test worker] [] [] INFO  o.s.b.t.m.w.SpringBootMockServletContext - Initializing Spring TestDispatcherServlet ''
25-12-12 12:06:00.060 [Test worker] [] [] INFO  o.s.t.w.s.TestDispatcherServlet      - Initializing Servlet ''
25-12-12 12:06:00.061 [Test worker] [] [] INFO  o.s.t.w.s.TestDispatcherServlet      - Completed initialization in 0 ms
25-12-12 12:06:00.070 [Test worker] [] [] INFO  c.t.m.i.c.InterestCreateTest         - Started InterestCreateTest in 0.29 seconds (process running for 4.142)
25-12-12 12:06:00.149 [Test worker] [151396c9-f193-4f6a-9e2f-fb627e443272] [127.0.0.1] ERROR c.t.m.c.c.GlobalExceptionHandler     - 요청 JOSN 값 유효성 검사 실패: Validation failed for argument [0] in public org.springframework.http.ResponseEntity<com.team03.monew.interest.dto.InterestDto> com.team03.monew.web.controller.InterestController.interestCreate(com.team03.monew.interest.dto.InterestRegisterRequest) with 2 errors: [Field error in object 'interestRegisterRequest' on field 'name': rejected value []; codes [Size.interestRegisterRequest.name,Size.name,Size.java.lang.String,Size]; arguments [org.springframework.context.support.DefaultMessageSourceResolvable: codes [interestRegisterRequest.name,name]; arguments []; default message [name],50,1]; default message [size must be between 1 and 50]] [Field error in object 'interestRegisterRequest' on field 'name': rejected value []; codes [NotBlank.interestRegisterRequest.name,NotBlank.name,NotBlank.java.lang.String,NotBlank]; arguments [org.springframework.context.support.DefaultMessageSourceResolvable: codes [interestRegisterRequest.name,name]; arguments []; default message [name]]; default message [must not be blank]] 
25-12-12 12:06:00.165 [Test worker] [dbe4aff6-dfa1-4d8e-959a-16e3db080a19] [127.0.0.1] ERROR c.t.m.c.c.GlobalExceptionHandler     - 요청 JOSN 값 유효성 검사 실패: Validation failed for argument [0] in public org.springframework.http.ResponseEntity<com.team03.monew.interest.dto.InterestDto> com.team03.monew.web.controller.InterestController.interestCreate(com.team03.monew.interest.dto.InterestRegisterRequest) with 2 errors: [Field error in object 'interestRegisterRequest' on field 'name': rejected value []; codes [NotBlank.interestRegisterRequest.name,NotBlank.name,NotBlank.java.lang.String,NotBlank]; arguments [org.springframework.context.support.DefaultMessageSourceResolvable: codes [interestRegisterRequest.name,name]; arguments []; default message [name]]; default message [must not be blank]] [Field error in object 'interestRegisterRequest' on field 'name': rejected value []; codes [Size.interestRegisterRequest.name,Size.name,Size.java.lang.String,Size]; arguments [org.springframework.context.support.DefaultMessageSourceResolvable: codes [interestRegisterRequest.name,name]; arguments []; default message [name],50,1]; default message [size must be between 1 and 50]] 
]]></system-out>
  <system-err><![CDATA[]]></system-err>
</testsuite>
