<?xml version="1.0" encoding="UTF-8"?>
<testsuite name="com.team03.monew.subscribe.service.SubscribeCreateTest" tests="3" skipped="0" failures="0" errors="0" timestamp="2025-12-12T03:06:00.904Z" hostname="macui-MacBookPro.local" time="0.023">
  <properties/>
  <testcase name="구독 추가 성공 검증" classname="com.team03.monew.subscribe.service.SubscribeCreateTest" time="0.021"/>
  <testcase name="구독 추가 사용자 정보 없음 실패 검증" classname="com.team03.monew.subscribe.service.SubscribeCreateTest" time="0.001"/>
  <testcase name="구독 추가 관심사 정보 없음 실패 검증" classname="com.team03.monew.subscribe.service.SubscribeCreateTest" time="0.001"/>
  <system-out><![CDATA[]]></system-out>
  <system-err><![CDATA[]]></system-err>
</testsuite>
