<?xml version="1.0" encoding="UTF-8"?>
<testsuite name="com.team03.monew.user.domain.UserTest" tests="3" skipped="0" failures="0" errors="0" timestamp="2025-12-12T03:06:01.247Z" hostname="macui-MacBookPro.local" time="0.0">
  <properties/>
  <testcase name="닉네임 수정 성공" classname="com.team03.monew.user.domain.UserTest" time="0.0"/>
  <testcase name="사용자 생성 성공" classname="com.team03.monew.user.domain.UserTest" time="0.0"/>
  <testcase name="사용자 삭제 - 논리 삭제" classname="com.team03.monew.user.domain.UserTest" time="0.0"/>
  <system-out><![CDATA[]]></system-out>
  <system-err><![CDATA[]]></system-err>
</testsuite>
