<?xml version="1.0" encoding="UTF-8"?>
<testsuite name="com.team03.monew.interest.controller.InterestListTest" tests="3" skipped="0" failures="0" errors="0" timestamp="2025-12-12T03:06:00.221Z" hostname="macui-MacBookPro.local" time="0.021">
  <properties/>
  <testcase name="관심사 목록 커서 있을 떄 조회 성공 검증" classname="com.team03.monew.interest.controller.InterestListTest" time="0.01"/>
  <testcase name="관심사 목록 커서 없을 떄 조회 성공 검증" classname="com.team03.monew.interest.controller.InterestListTest" time="0.004"/>
  <testcase name="괸심사 목록 필수 요청값 없음 실패 검증" classname="com.team03.monew.interest.controller.InterestListTest" time="0.005"/>
  <system-out><![CDATA[25-12-12 12:06:00.214 [Test worker] [] [] INFO  o.s.t.c.s.AnnotationConfigContextLoaderUtils - Could not detect default configuration classes for test class [com.team03.monew.interest.controller.InterestListTest]: InterestListTest does not declare any static, non-private, non-final, nested classes annotated with @Configuration.
25-12-12 12:06:00.219 [Test worker] [] [] INFO  o.s.b.t.c.SpringBootTestContextBootstrapper - Found @SpringBootConfiguration com.team03.monew.MonewApplication for test class com.team03.monew.interest.controller.InterestListTest
25-12-12 12:06:00.240 [Test worker] [f8f026d3-3c9a-484d-a960-3b557044a740] [127.0.0.1] WARN  o.s.w.s.m.s.DefaultHandlerExceptionResolver - Resolved [org.springframework.web.bind.MissingServletRequestParameterException: Required request parameter 'direction' for method parameter type String is not present]
]]></system-out>
  <system-err><![CDATA[]]></system-err>
</testsuite>
