<?xml version="1.0" encoding="UTF-8"?>
<testsuite name="com.team03.monew.articleviews.service.ViewCountTest" tests="3" skipped="0" failures="0" errors="0" timestamp="2025-12-11T22:05:25.058Z" hostname="ichihoui-MacBookPro.local" time="0.056">
  <properties/>
  <testcase name="isRead_FirstTime()" classname="com.team03.monew.articleviews.service.ViewCountTest" time="0.054"/>
  <testcase name="userIdIsNullTest()" classname="com.team03.monew.articleviews.service.ViewCountTest" time="0.001"/>
  <testcase name="isRead_alreadyReadTest()" classname="com.team03.monew.articleviews.service.ViewCountTest" time="0.001"/>
  <system-out><![CDATA[]]></system-out>
  <system-err><![CDATA[]]></system-err>
</testsuite>
