<?xml version="1.0" encoding="UTF-8"?>
<testsuite name="com.team03.monew.subscribe.service.SubscribeCreateTest" tests="3" skipped="0" failures="0" errors="0" timestamp="2025-12-11T22:05:26.009Z" hostname="ichihoui-MacBookPro.local" time="0.018">
  <properties/>
  <testcase name="구독 추가 성공 검증" classname="com.team03.monew.subscribe.service.SubscribeCreateTest" time="0.016"/>
  <testcase name="구독 추가 사용자 정보 없음 실패 검증" classname="com.team03.monew.subscribe.service.SubscribeCreateTest" time="0.001"/>
  <testcase name="구독 추가 관심사 정보 없음 실패 검증" classname="com.team03.monew.subscribe.service.SubscribeCreateTest" time="0.001"/>
  <system-out><![CDATA[]]></system-out>
  <system-err><![CDATA[]]></system-err>
</testsuite>
