<?xml version="1.0" encoding="UTF-8"?>
<testsuite name="com.team03.monew.subscribe.controller.SubscribeCreateTest" tests="2" skipped="0" failures="0" errors="0" timestamp="2025-12-12T03:06:00.872Z" hostname="macui-MacBookPro.local" time="0.013">
  <properties/>
  <testcase name="구독 생성 성공 검증" classname="com.team03.monew.subscribe.controller.SubscribeCreateTest" time="0.008"/>
  <testcase name="구독 생성 필수 요청값 없음 실패 검증" classname="com.team03.monew.subscribe.controller.SubscribeCreateTest" time="0.004"/>
  <system-out><![CDATA[25-12-12 12:06:00.857 [Test worker] [] [] INFO  o.s.t.c.s.AnnotationConfigContextLoaderUtils - Could not detect default configuration classes for test class [com.team03.monew.subscribe.controller.SubscribeCreateTest]: SubscribeCreateTest does not declare any static, non-private, non-final, nested classes annotated with @Configuration.
25-12-12 12:06:00.871 [Test worker] [] [] INFO  o.s.b.t.c.SpringBootTestContextBootstrapper - Found @SpringBootConfiguration com.team03.monew.MonewApplication for test class com.team03.monew.subscribe.controller.SubscribeCreateTest
25-12-12 12:06:00.883 [Test worker] [4862491a-ae16-4210-b117-d0341f1c25bc] [127.0.0.1] WARN  o.s.w.s.m.s.DefaultHandlerExceptionResolver - Resolved [org.springframework.web.bind.MissingRequestHeaderException: Required request header 'Monew-Request-User-ID' for method parameter type UUID is not present]
]]></system-out>
  <system-err><![CDATA[]]></system-err>
</testsuite>
