<?xml version="1.0" encoding="UTF-8"?>
<testsuite name="com.team03.monew.interest.controller.InterestDeleteTest" tests="2" skipped="0" failures="0" errors="0" timestamp="2025-12-12T03:06:00.201Z" hostname="macui-MacBookPro.local" time="0.01">
  <properties/>
  <testcase name="관심사 삭제 성공 검증" classname="com.team03.monew.interest.controller.InterestDeleteTest" time="0.004"/>
  <testcase name="관심사 삭제 관심사 없음 검증" classname="com.team03.monew.interest.controller.InterestDeleteTest" time="0.005"/>
  <system-out><![CDATA[25-12-12 12:06:00.193 [Test worker] [] [] INFO  o.s.t.c.s.AnnotationConfigContextLoaderUtils - Could not detect default configuration classes for test class [com.team03.monew.interest.controller.InterestDeleteTest]: InterestDeleteTest does not declare any static, non-private, non-final, nested classes annotated with @Configuration.
25-12-12 12:06:00.199 [Test worker] [] [] INFO  o.s.b.t.c.SpringBootTestContextBootstrapper - Found @SpringBootConfiguration com.team03.monew.MonewApplication for test class com.team03.monew.interest.controller.InterestDeleteTest
]]></system-out>
  <system-err><![CDATA[]]></system-err>
</testsuite>
