<?xml version="1.0" encoding="UTF-8"?>
<testsuite name="com.team03.monew.articleviews.service.ViewCountTest" tests="3" skipped="0" failures="0" errors="0" timestamp="2025-12-12T03:05:59.669Z" hostname="macui-MacBookPro.local" time="0.071">
  <properties/>
  <testcase name="isRead_FirstTime()" classname="com.team03.monew.articleviews.service.ViewCountTest" time="0.068"/>
  <testcase name="userIdIsNullTest()" classname="com.team03.monew.articleviews.service.ViewCountTest" time="0.0"/>
  <testcase name="isRead_alreadyReadTest()" classname="com.team03.monew.articleviews.service.ViewCountTest" time="0.001"/>
  <system-out><![CDATA[]]></system-out>
  <system-err><![CDATA[]]></system-err>
</testsuite>
