<?xml version="1.0" encoding="UTF-8"?>
<testsuite name="com.team03.monew.interest.controller.InterestCreateTest" tests="3" skipped="0" failures="0" errors="0" timestamp="2025-12-11T22:05:25.378Z" hostname="ichihoui-MacBookPro.local" time="0.105">
  <properties/>
  <testcase name="관심사 생성 관심사 이름 중복 실패 검증" classname="com.team03.monew.interest.controller.InterestCreateTest" time="0.08"/>
  <testcase name="관심사 생성 요청 값 없음 실패 검증" classname="com.team03.monew.interest.controller.InterestCreateTest" time="0.003"/>
  <testcase name="관심사 생성 성공 검증" classname="com.team03.monew.interest.controller.InterestCreateTest" time="0.02"/>
  <system-out><![CDATA[25-12-12 07:05:25.121 [Test worker] [] [] INFO  o.s.t.c.s.AnnotationConfigContextLoaderUtils - Could not detect default configuration classes for test class [com.team03.monew.interest.controller.InterestCreateTest]: InterestCreateTest does not declare any static, non-private, non-final, nested classes annotated with @Configuration.
25-12-12 07:05:25.141 [Test worker] [] [] INFO  o.s.b.t.c.SpringBootTestContextBootstrapper - Found @SpringBootConfiguration com.team03.monew.MonewApplication for test class com.team03.monew.interest.controller.InterestCreateTest

  .   ____          _            __ _ _
 /\\ / ___'_ __ _ _(_)_ __  __ _ \ \ \ \
( ( )\___ | '_ | '_| | '_ \/ _` | \ \ \ \
 \\/  ___)| |_)| | | | | || (_| |  ) ) ) )
  '  |____| .__|_| |_|_| |_\__, | / / / /
 =========|_|==============|___/=/_/_/_/

 :: Spring Boot ::                (v3.5.8)

25-12-12 07:05:25.160 [Test worker] [] [] INFO  c.t.m.i.c.InterestCreateTest         - Starting InterestCreateTest using Java 17.0.17 with PID 70039 (started by chiho in /Users/chiho/Desktop/codeit/sprint-element/monew)
25-12-12 07:05:25.160 [Test worker] [] [] INFO  c.t.m.i.c.InterestCreateTest         - The following 1 profile is active: "dev"
25-12-12 07:05:25.310 [Test worker] [] [] INFO  o.s.b.a.w.s.WelcomePageHandlerMapping - Adding welcome page: class path resource [static/index.html]
25-12-12 07:05:25.366 [Test worker] [] [] INFO  o.s.b.t.m.w.SpringBootMockServletContext - Initializing Spring TestDispatcherServlet ''
25-12-12 07:05:25.366 [Test worker] [] [] INFO  o.s.t.w.s.TestDispatcherServlet      - Initializing Servlet ''
25-12-12 07:05:25.367 [Test worker] [] [] INFO  o.s.t.w.s.TestDispatcherServlet      - Completed initialization in 1 ms
25-12-12 07:05:25.377 [Test worker] [] [] INFO  c.t.m.i.c.InterestCreateTest         - Started InterestCreateTest in 0.234 seconds (process running for 3.518)
25-12-12 07:05:25.447 [Test worker] [f11874e2-7c61-4b2c-ad30-cded03c74637] [127.0.0.1] ERROR c.t.m.c.c.GlobalExceptionHandler     - 요청 JOSN 값 유효성 검사 실패: Validation failed for argument [0] in public org.springframework.http.ResponseEntity<com.team03.monew.interest.dto.InterestDto> com.team03.monew.web.controller.InterestController.interestCreate(com.team03.monew.interest.dto.InterestRegisterRequest) with 2 errors: [Field error in object 'interestRegisterRequest' on field 'name': rejected value []; codes [Size.interestRegisterRequest.name,Size.name,Size.java.lang.String,Size]; arguments [org.springframework.context.support.DefaultMessageSourceResolvable: codes [interestRegisterRequest.name,name]; arguments []; default message [name],50,1]; default message [size must be between 1 and 50]] [Field error in object 'interestRegisterRequest' on field 'name': rejected value []; codes [NotBlank.interestRegisterRequest.name,NotBlank.name,NotBlank.java.lang.String,NotBlank]; arguments [org.springframework.context.support.DefaultMessageSourceResolvable: codes [interestRegisterRequest.name,name]; arguments []; default message [name]]; default message [must not be blank]] 
25-12-12 07:05:25.461 [Test worker] [a9705d3c-b569-45d8-bb8d-9e814c0d0286] [127.0.0.1] ERROR c.t.m.c.c.GlobalExceptionHandler     - 요청 JOSN 값 유효성 검사 실패: Validation failed for argument [0] in public org.springframework.http.ResponseEntity<com.team03.monew.interest.dto.InterestDto> com.team03.monew.web.controller.InterestController.interestCreate(com.team03.monew.interest.dto.InterestRegisterRequest) with 2 errors: [Field error in object 'interestRegisterRequest' on field 'name': rejected value []; codes [Size.interestRegisterRequest.name,Size.name,Size.java.lang.String,Size]; arguments [org.springframework.context.support.DefaultMessageSourceResolvable: codes [interestRegisterRequest.name,name]; arguments []; default message [name],50,1]; default message [size must be between 1 and 50]] [Field error in object 'interestRegisterRequest' on field 'name': rejected value []; codes [NotBlank.interestRegisterRequest.name,NotBlank.name,NotBlank.java.lang.String,NotBlank]; arguments [org.springframework.context.support.DefaultMessageSourceResolvable: codes [interestRegisterRequest.name,name]; arguments []; default message [name]]; default message [must not be blank]] 
]]></system-out>
  <system-err><![CDATA[]]></system-err>
</testsuite>
