<?xml version="1.0" encoding="UTF-8"?>
<testsuite name="com.team03.monew.interest.repository.InterestRepositoryTest" tests="3" skipped="0" failures="0" errors="0" timestamp="2025-12-12T03:06:00.621Z" hostname="macui-MacBookPro.local" time="0.196">
  <properties/>
  <testcase name="관심사 커서 없을떄 목록 조회" classname="com.team03.monew.interest.repository.InterestRepositoryTest" time="0.079"/>
  <testcase name="관심사 커서 있을떄 목록 조회" classname="com.team03.monew.interest.repository.InterestRepositoryTest" time="0.097"/>
  <testcase name="관심사 조건에 맞는 개수 조회" classname="com.team03.monew.interest.repository.InterestRepositoryTest" time="0.019"/>
  <system-out><![CDATA[25-12-12 12:06:00.272 [Test worker] [] [] INFO  o.s.t.c.s.AnnotationConfigContextLoaderUtils - Could not detect default configuration classes for test class [com.team03.monew.interest.repository.InterestRepositoryTest]: InterestRepositoryTest does not declare any static, non-private, non-final, nested classes annotated with @Configuration.
25-12-12 12:06:00.288 [Test worker] [] [] INFO  o.s.b.t.c.SpringBootTestContextBootstrapper - Found @SpringBootConfiguration com.team03.monew.MonewApplication for test class com.team03.monew.interest.repository.InterestRepositoryTest

  .   ____          _            __ _ _
 /\\ / ___'_ __ _ _(_)_ __  __ _ \ \ \ \
( ( )\___ | '_ | '_| | '_ \/ _` | \ \ \ \
 \\/  ___)| |_)| | | | | || (_| |  ) ) ) )
  '  |____| .__|_| |_|_| |_\__, | / / / /
 =========|_|==============|___/=/_/_/_/

 :: Spring Boot ::                (v3.5.8)

25-12-12 12:06:00.313 [Test worker] [] [] INFO  c.t.m.i.r.InterestRepositoryTest     - Starting InterestRepositoryTest using Java 17.0.16 with PID 61118 (started by mac in /Users/mac/IdeaProjects/monew-main)
25-12-12 12:06:00.313 [Test worker] [] [] INFO  c.t.m.i.r.InterestRepositoryTest     - The following 1 profile is active: "dev"
25-12-12 12:06:00.376 [Test worker] [] [] INFO  o.s.d.r.c.RepositoryConfigurationDelegate - Bootstrapping Spring Data JPA repositories in DEFAULT mode.
25-12-12 12:06:00.400 [Test worker] [] [] INFO  o.s.d.r.c.RepositoryConfigurationDelegate - Finished Spring Data repository scanning in 22 ms. Found 8 JPA repository interfaces.
25-12-12 12:06:00.408 [Test worker] [] [] INFO  o.s.b.t.a.j.TestDatabaseAutoConfiguration$EmbeddedDataSourceBeanFactoryPostProcessor - Replacing 'dataSource' DataSource bean with embedded version
25-12-12 12:06:00.418 [Test worker] [] [] INFO  o.s.j.d.e.EmbeddedDatabaseFactory    - Starting embedded database: url='jdbc:h2:mem:ed8cc2c5-6ccf-4a92-9ae7-0309fbdf2545;DB_CLOSE_DELAY=-1;DB_CLOSE_ON_EXIT=false', username='sa'
25-12-12 12:06:00.438 [Test worker] [] [] INFO  o.h.jpa.internal.util.LogHelper      - HHH000204: Processing PersistenceUnitInfo [name: default]
25-12-12 12:06:00.440 [Test worker] [] [] INFO  o.h.c.i.RegionFactoryInitiator       - HHH000026: Second-level cache disabled
25-12-12 12:06:00.446 [Test worker] [] [] INFO  o.s.o.j.p.SpringPersistenceUnitInfo  - No LoadTimeWeaver setup: ignoring JPA class transformer
25-12-12 12:06:00.447 [Test worker] [] [] WARN  org.hibernate.orm.deprecation        - HHH90000025: H2Dialect does not need to be specified explicitly using 'hibernate.dialect' (remove the property setting and it will be selected by default)
25-12-12 12:06:00.447 [Test worker] [] [] INFO  o.hibernate.orm.connections.pooling  - HHH10001005: Database info:
	Database JDBC URL [Connecting through datasource 'org.springframework.jdbc.datasource.embedded.EmbeddedDatabaseFactory$EmbeddedDataSourceProxy@6e520c9a']
	Database driver: undefined/unknown
	Database version: 2.3.232
	Autocommit mode: undefined/unknown
	Isolation level: undefined/unknown
	Minimum pool size: undefined/unknown
	Maximum pool size: undefined/unknown
25-12-12 12:06:00.497 [Test worker] [] [] INFO  o.h.e.t.j.p.i.JtaPlatformInitiator   - HHH000489: No JTA platform available (set 'hibernate.transaction.jta.platform' to enable JTA platform integration)
25-12-12 12:06:00.497 [Test worker] [] [] DEBUG org.hibernate.SQL                    - 
    drop table if exists article cascade 
Hibernate: 
    drop table if exists article cascade 
25-12-12 12:06:00.498 [Test worker] [] [] DEBUG org.hibernate.SQL                    - 
    drop table if exists article_views cascade 
Hibernate: 
    drop table if exists article_views cascade 
25-12-12 12:06:00.498 [Test worker] [] [] DEBUG org.hibernate.SQL                    - 
    drop table if exists comment_likes cascade 
Hibernate: 
    drop table if exists comment_likes cascade 
25-12-12 12:06:00.498 [Test worker] [] [] DEBUG org.hibernate.SQL                    - 
    drop table if exists interest cascade 
Hibernate: 
    drop table if exists interest cascade 
25-12-12 12:06:00.498 [Test worker] [] [] DEBUG org.hibernate.SQL                    - 
    drop table if exists notification cascade 
Hibernate: 
    drop table if exists notification cascade 
25-12-12 12:06:00.498 [Test worker] [] [] DEBUG org.hibernate.SQL                    - 
    drop table if exists reply cascade 
Hibernate: 
    drop table if exists reply cascade 
25-12-12 12:06:00.498 [Test worker] [] [] DEBUG org.hibernate.SQL                    - 
    drop table if exists subscribe cascade 
Hibernate: 
    drop table if exists subscribe cascade 
25-12-12 12:06:00.499 [Test worker] [] [] DEBUG org.hibernate.SQL                    - 
    drop table if exists users cascade 
Hibernate: 
    drop table if exists users cascade 
25-12-12 12:06:00.499 [Test worker] [] [] DEBUG org.hibernate.SQL                    - 
    create table article (
        is_delete boolean default false,
        comment_count INTEGER DEFAULT 0,
        created_at timestamp(6),
        posted_at timestamp(6),
        updated_at timestamp(6),
        view_count INTEGER DEFAULT 0,
        id uuid not null,
        interest_id uuid,
        title varchar(200),
        resource_link varchar(600),
        overview varchar(2000),
        source enum ('CHOSUN','KOREA','YNA'),
        primary key (id),
        unique (resource_link)
    )
Hibernate: 
    create table article (
        is_delete boolean default false,
        comment_count INTEGER DEFAULT 0,
        created_at timestamp(6),
        posted_at timestamp(6),
        updated_at timestamp(6),
        view_count INTEGER DEFAULT 0,
        id uuid not null,
        interest_id uuid,
        title varchar(200),
        resource_link varchar(600),
        overview varchar(2000),
        source enum ('CHOSUN','KOREA','YNA'),
        primary key (id),
        unique (resource_link)
    )
25-12-12 12:06:00.500 [Test worker] [] [] DEBUG org.hibernate.SQL                    - 
    create table article_views (
        created_at timestamp(6),
        article_id uuid,
        article_views_id uuid not null,
        viewed_by uuid,
        primary key (article_views_id),
        unique (viewed_by, article_id)
    )
Hibernate: 
    create table article_views (
        created_at timestamp(6),
        article_id uuid,
        article_views_id uuid not null,
        viewed_by uuid,
        primary key (article_views_id),
        unique (viewed_by, article_id)
    )
25-12-12 12:06:00.502 [Test worker] [] [] DEBUG org.hibernate.SQL                    - 
    create table comment_likes (
        comment_created_at timestamp(6) not null,
        comment_like_count bigint not null,
        created_at timestamp(6) not null,
        article_id uuid not null,
        comment_id uuid not null,
        comment_user_id uuid not null,
        id uuid not null,
        liked_by uuid not null,
        comment_content varchar(255) not null,
        comment_user_nickname varchar(255) not null,
        primary key (id),
        unique (liked_by, comment_id)
    )
Hibernate: 
    create table comment_likes (
        comment_created_at timestamp(6) not null,
        comment_like_count bigint not null,
        created_at timestamp(6) not null,
        article_id uuid not null,
        comment_id uuid not null,
        comment_user_id uuid not null,
        id uuid not null,
        liked_by uuid not null,
        comment_content varchar(255) not null,
        comment_user_nickname varchar(255) not null,
        primary key (id),
        unique (liked_by, comment_id)
    )
25-12-12 12:06:00.503 [Test worker] [] [] DEBUG org.hibernate.SQL                    - 
    create table interest (
        created_at timestamp(6),
        subscribe_count bigint default 0,
        updated_at timestamp(6),
        id uuid not null,
        name varchar(100) not null,
        keywords varchar(255) array not null,
        primary key (id)
    )
Hibernate: 
    create table interest (
        created_at timestamp(6),
        subscribe_count bigint default 0,
        updated_at timestamp(6),
        id uuid not null,
        name varchar(100) not null,
        keywords varchar(255) array not null,
        primary key (id)
    )
25-12-12 12:06:00.504 [Test worker] [] [] DEBUG org.hibernate.SQL                    - 
    create table notification (
        is_checked BOOLEAN DEFAULT FALSE not null,
        created_at timestamp(6),
        updated_at timestamp(6),
        id uuid not null,
        resource_id uuid not null,
        user_id uuid not null,
        context varchar(255) not null,
        resource enum ('INTEREST','REPLY') not null,
        primary key (id)
    )
Hibernate: 
    create table notification (
        is_checked BOOLEAN DEFAULT FALSE not null,
        created_at timestamp(6),
        updated_at timestamp(6),
        id uuid not null,
        resource_id uuid not null,
        user_id uuid not null,
        context varchar(255) not null,
        resource enum ('INTEREST','REPLY') not null,
        primary key (id)
    )
25-12-12 12:06:00.506 [Test worker] [] [] DEBUG org.hibernate.SQL                    - 
    create table reply (
        liked_by_me boolean not null,
        created_at timestamp(6) not null,
        deleted_at timestamp(6),
        like_count bigint not null,
        updated_at timestamp(6) not null,
        article_id uuid not null,
        id uuid not null,
        user_id uuid not null,
        content varchar(500) not null,
        primary key (id)
    )
Hibernate: 
    create table reply (
        liked_by_me boolean not null,
        created_at timestamp(6) not null,
        deleted_at timestamp(6),
        like_count bigint not null,
        updated_at timestamp(6) not null,
        article_id uuid not null,
        id uuid not null,
        user_id uuid not null,
        content varchar(500) not null,
        primary key (id)
    )
25-12-12 12:06:00.507 [Test worker] [] [] DEBUG org.hibernate.SQL                    - 
    create table subscribe (
        created_at timestamp(6),
        id uuid not null,
        interest_id uuid not null,
        user_id uuid not null,
        primary key (id)
    )
Hibernate: 
    create table subscribe (
        created_at timestamp(6),
        id uuid not null,
        interest_id uuid not null,
        user_id uuid not null,
        primary key (id)
    )
25-12-12 12:06:00.508 [Test worker] [] [] DEBUG org.hibernate.SQL                    - 
    create table users (
        created_at timestamp(6) not null,
        deleted_at timestamp(6),
        updated_at timestamp(6) not null,
        user_id uuid not null,
        nickname varchar(50) not null unique,
        email varchar(255) not null unique,
        password_hash varchar(255) not null,
        primary key (user_id)
    )
Hibernate: 
    create table users (
        created_at timestamp(6) not null,
        deleted_at timestamp(6),
        updated_at timestamp(6) not null,
        user_id uuid not null,
        nickname varchar(50) not null unique,
        email varchar(255) not null unique,
        password_hash varchar(255) not null,
        primary key (user_id)
    )
25-12-12 12:06:00.509 [Test worker] [] [] DEBUG org.hibernate.SQL                    - 
    create index idx_email 
       on users (email)
Hibernate: 
    create index idx_email 
       on users (email)
25-12-12 12:06:00.509 [Test worker] [] [] DEBUG org.hibernate.SQL                    - 
    create index idx_deleted_at 
       on users (deleted_at)
Hibernate: 
    create index idx_deleted_at 
       on users (deleted_at)
25-12-12 12:06:00.509 [Test worker] [] [] DEBUG org.hibernate.SQL                    - 
    alter table if exists article 
       add constraint FKoy1hgssyovltbfn9s0q8pxvhi 
       foreign key (interest_id) 
       references interest
Hibernate: 
    alter table if exists article 
       add constraint FKoy1hgssyovltbfn9s0q8pxvhi 
       foreign key (interest_id) 
       references interest
25-12-12 12:06:00.510 [Test worker] [] [] DEBUG org.hibernate.SQL                    - 
    alter table if exists article_views 
       add constraint FKe0htn7lnoyil7uq5aadp58xnj 
       foreign key (article_id) 
       references article
Hibernate: 
    alter table if exists article_views 
       add constraint FKe0htn7lnoyil7uq5aadp58xnj 
       foreign key (article_id) 
       references article
25-12-12 12:06:00.511 [Test worker] [] [] DEBUG org.hibernate.SQL                    - 
    alter table if exists article_views 
       add constraint FKbnjo1tykslka7kakrdjnduptt 
       foreign key (viewed_by) 
       references users
Hibernate: 
    alter table if exists article_views 
       add constraint FKbnjo1tykslka7kakrdjnduptt 
       foreign key (viewed_by) 
       references users
25-12-12 12:06:00.513 [Test worker] [] [] INFO  o.s.o.j.LocalContainerEntityManagerFactoryBean - Initialized JPA EntityManagerFactory for persistence unit 'default'
25-12-12 12:06:00.617 [Test worker] [] [] INFO  c.t.m.i.r.InterestRepositoryTest     - Started InterestRepositoryTest in 0.328 seconds (process running for 4.688)
25-12-12 12:06:00.694 [Test worker] [] [] DEBUG org.hibernate.SQL                    - 
    insert 
    into
        interest
        (created_at, keywords, name, subscribe_count, updated_at, id) 
    values
        (?, ?, ?, ?, ?, ?)
Hibernate: 
    insert 
    into
        interest
        (created_at, keywords, name, subscribe_count, updated_at, id) 
    values
        (?, ?, ?, ?, ?, ?)
25-12-12 12:06:00.696 [Test worker] [] [] DEBUG org.hibernate.SQL                    - 
    insert 
    into
        interest
        (created_at, keywords, name, subscribe_count, updated_at, id) 
    values
        (?, ?, ?, ?, ?, ?)
Hibernate: 
    insert 
    into
        interest
        (created_at, keywords, name, subscribe_count, updated_at, id) 
    values
        (?, ?, ?, ?, ?, ?)
25-12-12 12:06:00.697 [Test worker] [] [] DEBUG org.hibernate.SQL                    - 
    select
        i1_0.id,
        i1_0.created_at,
        i1_0.keywords,
        i1_0.name,
        i1_0.subscribe_count,
        i1_0.updated_at 
    from
        interest i1_0 
    where
        i1_0.name like ? escape '!' 
        or array_contains(i1_0.keywords, ?)=true 
    order by
        i1_0.name,
        i1_0.id desc 
    fetch
        first ? rows only
Hibernate: 
    select
        i1_0.id,
        i1_0.created_at,
        i1_0.keywords,
        i1_0.name,
        i1_0.subscribe_count,
        i1_0.updated_at 
    from
        interest i1_0 
    where
        i1_0.name like ? escape '!' 
        or array_contains(i1_0.keywords, ?)=true 
    order by
        i1_0.name,
        i1_0.id desc 
    fetch
        first ? rows only
25-12-12 12:06:00.794 [Test worker] [] [] DEBUG org.hibernate.SQL                    - 
    insert 
    into
        interest
        (created_at, keywords, name, subscribe_count, updated_at, id) 
    values
        (?, ?, ?, ?, ?, ?)
Hibernate: 
    insert 
    into
        interest
        (created_at, keywords, name, subscribe_count, updated_at, id) 
    values
        (?, ?, ?, ?, ?, ?)
25-12-12 12:06:00.795 [Test worker] [] [] DEBUG org.hibernate.SQL                    - 
    insert 
    into
        interest
        (created_at, keywords, name, subscribe_count, updated_at, id) 
    values
        (?, ?, ?, ?, ?, ?)
Hibernate: 
    insert 
    into
        interest
        (created_at, keywords, name, subscribe_count, updated_at, id) 
    values
        (?, ?, ?, ?, ?, ?)
25-12-12 12:06:00.795 [Test worker] [] [] DEBUG org.hibernate.SQL                    - 
    select
        i1_0.id,
        i1_0.created_at,
        i1_0.keywords,
        i1_0.name,
        i1_0.subscribe_count,
        i1_0.updated_at 
    from
        interest i1_0 
    where
        (
            i1_0.name like ? escape '!' 
            or array_contains(i1_0.keywords, ?)=true
        ) 
        and (
            i1_0.name>? 
            or i1_0.name=? 
            and i1_0.created_at<?
        ) 
    order by
        i1_0.name,
        i1_0.id desc 
    fetch
        first ? rows only
Hibernate: 
    select
        i1_0.id,
        i1_0.created_at,
        i1_0.keywords,
        i1_0.name,
        i1_0.subscribe_count,
        i1_0.updated_at 
    from
        interest i1_0 
    where
        (
            i1_0.name like ? escape '!' 
            or array_contains(i1_0.keywords, ?)=true
        ) 
        and (
            i1_0.name>? 
            or i1_0.name=? 
            and i1_0.created_at<?
        ) 
    order by
        i1_0.name,
        i1_0.id desc 
    fetch
        first ? rows only
25-12-12 12:06:00.813 [Test worker] [] [] DEBUG org.hibernate.SQL                    - 
    insert 
    into
        interest
        (created_at, keywords, name, subscribe_count, updated_at, id) 
    values
        (?, ?, ?, ?, ?, ?)
Hibernate: 
    insert 
    into
        interest
        (created_at, keywords, name, subscribe_count, updated_at, id) 
    values
        (?, ?, ?, ?, ?, ?)
25-12-12 12:06:00.814 [Test worker] [] [] DEBUG org.hibernate.SQL                    - 
    insert 
    into
        interest
        (created_at, keywords, name, subscribe_count, updated_at, id) 
    values
        (?, ?, ?, ?, ?, ?)
Hibernate: 
    insert 
    into
        interest
        (created_at, keywords, name, subscribe_count, updated_at, id) 
    values
        (?, ?, ?, ?, ?, ?)
25-12-12 12:06:00.814 [Test worker] [] [] DEBUG org.hibernate.SQL                    - 
    select
        count(i1_0.id) 
    from
        interest i1_0 
    where
        i1_0.name like ? escape '!' 
        or array_contains(i1_0.keywords, ?)=true
Hibernate: 
    select
        count(i1_0.id) 
    from
        interest i1_0 
    where
        i1_0.name like ? escape '!' 
        or array_contains(i1_0.keywords, ?)=true
]]></system-out>
  <system-err><![CDATA[]]></system-err>
</testsuite>
